[2021-04-08 10:11:57,953][I] (replay             ReplayModule:354) - Loading new configuration...
[2021-04-08 10:11:58,767][I] (replay             ReplayModule:112) - Start replay module.
[2021-04-08 10:11:58,801][I] (nioEventLoopGroup-6-1         ReplayModule:596) - Replay result handler is added.
[2021-04-08 10:12:03,499][I] (nioEventLoopGroup-6-1         ReplayModule:601) - Replay result handler is removed.
[2021-04-08 10:12:03,499][I] (exit               ReplayModule:188) - Replay module is shutting down.
[2021-04-08 10:12:05,203][I] (replay             ReplayModule:354) - Loading new configuration...
[2021-04-08 10:12:05,908][I] (replay             ReplayModule:112) - Start replay module.
[2021-04-08 10:12:05,942][I] (nioEventLoopGroup-6-1         ReplayModule:596) - Replay result handler is added.
[2021-04-08 10:12:09,910][I] (nioEventLoopGroup-6-1         ReplayModule:601) - Replay result handler is removed.
[2021-04-08 10:12:09,911][I] (exit               ReplayModule:188) - Replay module is shutting down.
[2021-04-08 10:12:12,358][I] (replay             ReplayModule:354) - Loading new configuration...
[2021-04-08 10:12:13,146][I] (replay             ReplayModule:112) - Start replay module.
[2021-04-08 10:12:13,183][I] (nioEventLoopGroup-6-1         ReplayModule:596) - Replay result handler is added.
[2021-04-08 10:12:18,317][I] (nioEventLoopGroup-6-1         ReplayModule:601) - Replay result handler is removed.
[2021-04-08 10:12:18,318][I] (exit               ReplayModule:188) - Replay module is shutting down.
[2021-04-08 10:12:19,356][I] (replay             ReplayModule:354) - Loading new configuration...
[2021-04-08 10:12:20,130][I] (replay             ReplayModule:112) - Start replay module.
[2021-04-08 10:12:20,166][I] (nioEventLoopGroup-6-1         ReplayModule:596) - Replay result handler is added.
[2021-04-08 10:12:24,949][I] (nioEventLoopGroup-6-1         ReplayModule:601) - Replay result handler is removed.
[2021-04-08 10:12:24,949][I] (exit               ReplayModule:188) - Replay module is shutting down.
[2021-04-08 10:12:26,516][I] (replay             ReplayModule:354) - Loading new configuration...
[2021-04-08 10:12:27,322][I] (replay             ReplayModule:112) - Start replay module.
[2021-04-08 10:12:27,360][I] (nioEventLoopGroup-6-1         ReplayModule:596) - Replay result handler is added.
[2021-04-08 10:12:32,264][I] (nioEventLoopGroup-6-1         ReplayModule:601) - Replay result handler is removed.
[2021-04-08 10:12:32,264][I] (exit               ReplayModule:188) - Replay module is shutting down.
[2021-04-08 10:12:33,602][I] (replay             ReplayModule:354) - Loading new configuration...
[2021-04-08 10:12:34,447][I] (replay             ReplayModule:112) - Start replay module.
[2021-04-08 10:12:34,481][I] (nioEventLoopGroup-6-1         ReplayModule:596) - Replay result handler is added.
[2021-04-08 10:12:39,398][I] (nioEventLoopGroup-6-1         ReplayModule:601) - Replay result handler is removed.
[2021-04-08 10:12:39,398][I] (exit               ReplayModule:188) - Replay module is shutting down.
[2021-04-08 10:12:40,684][I] (replay             ReplayModule:354) - Loading new configuration...
[2021-04-08 10:12:41,370][I] (replay             ReplayModule:112) - Start replay module.
[2021-04-08 10:12:41,408][I] (nioEventLoopGroup-6-1         ReplayModule:596) - Replay result handler is added.
[2021-04-08 10:12:53,671][I] (nioEventLoopGroup-6-1         ReplayModule:601) - Replay result handler is removed.
[2021-04-08 10:12:53,672][I] (exit               ReplayModule:188) - Replay module is shutting down.
[2021-04-08 10:12:55,924][I] (replay             ReplayModule:354) - Loading new configuration...
[2021-04-08 10:12:56,622][I] (replay             ReplayModule:112) - Start replay module.
[2021-04-08 10:12:56,678][I] (nioEventLoopGroup-6-1         ReplayModule:596) - Replay result handler is added.
[2021-04-08 10:13:08,018][I] (nioEventLoopGroup-6-1         ReplayModule:601) - Replay result handler is removed.
[2021-04-08 10:13:08,018][I] (exit               ReplayModule:188) - Replay module is shutting down.
[2021-04-08 10:13:08,900][I] (replay             ReplayModule:354) - Loading new configuration...
[2021-04-08 10:13:09,594][I] (replay             ReplayModule:112) - Start replay module.
[2021-04-08 10:13:09,643][I] (nioEventLoopGroup-6-1         ReplayModule:596) - Replay result handler is added.
[2021-04-08 10:13:18,708][I] (nioEventLoopGroup-6-1         ReplayModule:601) - Replay result handler is removed.
[2021-04-08 10:13:18,708][I] (exit               ReplayModule:188) - Replay module is shutting down.
[2021-04-08 10:13:19,966][I] (replay             ReplayModule:354) - Loading new configuration...
[2021-04-08 10:13:20,665][I] (replay             ReplayModule:112) - Start replay module.
[2021-04-08 10:13:20,701][I] (nioEventLoopGroup-6-1         ReplayModule:596) - Replay result handler is added.
[2021-04-08 10:13:24,795][I] (nioEventLoopGroup-6-1         ReplayModule:601) - Replay result handler is removed.
[2021-04-08 10:13:24,796][I] (exit               ReplayModule:188) - Replay module is shutting down.
[2021-04-08 10:13:27,145][I] (replay             ReplayModule:354) - Loading new configuration...
[2021-04-08 10:13:27,891][I] (replay             ReplayModule:112) - Start replay module.
[2021-04-08 10:13:27,934][I] (nioEventLoopGroup-6-1         ReplayModule:596) - Replay result handler is added.
[2021-04-08 10:13:32,651][I] (nioEventLoopGroup-6-1         ReplayModule:601) - Replay result handler is removed.
[2021-04-08 10:13:32,652][I] (exit               ReplayModule:188) - Replay module is shutting down.
[2021-04-08 10:13:34,331][I] (replay             ReplayModule:354) - Loading new configuration...
[2021-04-08 10:13:35,045][I] (replay             ReplayModule:112) - Start replay module.
[2021-04-08 10:13:35,081][I] (nioEventLoopGroup-6-1         ReplayModule:596) - Replay result handler is added.
[2021-04-08 10:13:38,930][I] (nioEventLoopGroup-6-1         ReplayModule:601) - Replay result handler is removed.
[2021-04-08 10:13:38,930][I] (exit               ReplayModule:188) - Replay module is shutting down.
[2021-04-08 10:13:41,494][I] (replay             ReplayModule:354) - Loading new configuration...
[2021-04-08 10:13:42,300][I] (replay             ReplayModule:112) - Start replay module.
[2021-04-08 10:13:42,336][I] (nioEventLoopGroup-6-1         ReplayModule:596) - Replay result handler is added.
[2021-04-08 10:13:49,466][I] (nioEventLoopGroup-6-1         ReplayModule:601) - Replay result handler is removed.
[2021-04-08 10:13:49,467][I] (exit               ReplayModule:188) - Replay module is shutting down.
[2021-04-08 10:13:50,490][I] (replay             ReplayModule:354) - Loading new configuration...
[2021-04-08 10:13:51,419][I] (replay             ReplayModule:112) - Start replay module.
[2021-04-08 10:13:51,471][I] (nioEventLoopGroup-6-1         ReplayModule:596) - Replay result handler is added.
[2021-04-08 10:14:00,055][I] (nioEventLoopGroup-6-1         ReplayModule:601) - Replay result handler is removed.
[2021-04-08 10:14:00,055][I] (exit               ReplayModule:188) - Replay module is shutting down.
[2021-04-08 10:14:01,685][I] (replay             ReplayModule:354) - Loading new configuration...
[2021-04-08 10:14:02,617][I] (replay             ReplayModule:112) - Start replay module.
[2021-04-08 10:14:02,651][I] (nioEventLoopGroup-6-1         ReplayModule:596) - Replay result handler is added.
[2021-04-08 10:14:15,829][I] (nioEventLoopGroup-6-1         ReplayModule:601) - Replay result handler is removed.
[2021-04-08 10:14:15,830][I] (exit               ReplayModule:188) - Replay module is shutting down.
[2021-04-08 10:14:18,855][I] (replay             ReplayModule:354) - Loading new configuration...
[2021-04-08 10:14:19,882][I] (replay             ReplayModule:112) - Start replay module.
[2021-04-08 10:14:19,918][I] (nioEventLoopGroup-6-1         ReplayModule:596) - Replay result handler is added.
[2021-04-08 10:14:34,689][I] (nioEventLoopGroup-6-1         ReplayModule:601) - Replay result handler is removed.
[2021-04-08 10:14:34,689][I] (exit               ReplayModule:188) - Replay module is shutting down.
[2021-04-08 10:14:36,015][I] (replay             ReplayModule:354) - Loading new configuration...
[2021-04-08 10:14:36,924][I] (replay             ReplayModule:112) - Start replay module.
[2021-04-08 10:14:36,966][I] (nioEventLoopGroup-6-1         ReplayModule:596) - Replay result handler is added.
[2021-04-08 10:14:43,497][I] (nioEventLoopGroup-6-1         ReplayModule:601) - Replay result handler is removed.
[2021-04-08 10:14:43,497][I] (exit               ReplayModule:188) - Replay module is shutting down.
[2021-04-08 10:14:45,148][I] (replay             ReplayModule:354) - Loading new configuration...
[2021-04-08 10:14:45,945][I] (replay             ReplayModule:112) - Start replay module.
[2021-04-08 10:14:45,981][I] (nioEventLoopGroup-6-1         ReplayModule:596) - Replay result handler is added.
[2021-04-08 10:14:53,218][I] (nioEventLoopGroup-6-1         ReplayModule:601) - Replay result handler is removed.
[2021-04-08 10:14:53,219][I] (exit               ReplayModule:188) - Replay module is shutting down.
[2021-04-08 10:14:54,117][I] (replay             ReplayModule:354) - Loading new configuration...
[2021-04-08 10:14:54,830][I] (replay             ReplayModule:112) - Start replay module.
[2021-04-08 10:14:54,865][I] (nioEventLoopGroup-6-1         ReplayModule:596) - Replay result handler is added.
[2021-04-08 10:14:59,333][I] (nioEventLoopGroup-6-1         ReplayModule:601) - Replay result handler is removed.
[2021-04-08 10:14:59,333][I] (exit               ReplayModule:188) - Replay module is shutting down.
[2021-04-08 10:15:01,270][I] (replay             ReplayModule:354) - Loading new configuration...
[2021-04-08 10:15:01,958][I] (replay             ReplayModule:112) - Start replay module.
[2021-04-08 10:15:01,995][I] (nioEventLoopGroup-6-1         ReplayModule:596) - Replay result handler is added.
[2021-04-08 10:15:05,939][I] (nioEventLoopGroup-6-1         ReplayModule:601) - Replay result handler is removed.
[2021-04-08 10:15:05,940][I] (exit               ReplayModule:188) - Replay module is shutting down.
[2021-04-08 10:23:11,935][I] (replay             ReplayModule:354) - Loading new configuration...
[2021-04-08 10:23:12,724][I] (replay             ReplayModule:112) - Start replay module.
[2021-04-08 10:23:12,764][I] (nioEventLoopGroup-6-1         ReplayModule:596) - Replay result handler is added.
[2021-04-08 10:23:17,913][I] (nioEventLoopGroup-6-1         ReplayModule:601) - Replay result handler is removed.
[2021-04-08 10:23:17,914][I] (exit               ReplayModule:188) - Replay module is shutting down.
[2021-04-08 10:23:18,927][I] (replay             ReplayModule:354) - Loading new configuration...
[2021-04-08 10:23:19,729][I] (replay             ReplayModule:112) - Start replay module.
[2021-04-08 10:23:19,780][I] (nioEventLoopGroup-6-1         ReplayModule:596) - Replay result handler is added.
[2021-04-08 10:23:24,539][I] (nioEventLoopGroup-6-1         ReplayModule:601) - Replay result handler is removed.
[2021-04-08 10:23:24,540][I] (exit               ReplayModule:188) - Replay module is shutting down.
[2021-04-08 10:23:26,053][I] (replay             ReplayModule:354) - Loading new configuration...
[2021-04-08 10:23:26,839][I] (replay             ReplayModule:112) - Start replay module.
[2021-04-08 10:23:26,875][I] (nioEventLoopGroup-6-1         ReplayModule:596) - Replay result handler is added.
[2021-04-08 10:23:31,786][I] (nioEventLoopGroup-6-1         ReplayModule:601) - Replay result handler is removed.
[2021-04-08 10:23:31,787][I] (exit               ReplayModule:188) - Replay module is shutting down.
[2021-04-08 10:23:33,125][I] (replay             ReplayModule:354) - Loading new configuration...
[2021-04-08 10:23:33,889][I] (replay             ReplayModule:112) - Start replay module.
[2021-04-08 10:23:33,927][I] (nioEventLoopGroup-6-1         ReplayModule:596) - Replay result handler is added.
[2021-04-08 10:23:38,845][I] (nioEventLoopGroup-6-1         ReplayModule:601) - Replay result handler is removed.
[2021-04-08 10:23:38,846][I] (exit               ReplayModule:188) - Replay module is shutting down.
[2021-04-08 10:25:09,693][I] (replay             ReplayModule:354) - Loading new configuration...
[2021-04-08 10:25:10,473][I] (replay             ReplayModule:112) - Start replay module.
[2021-04-08 10:25:10,510][I] (nioEventLoopGroup-6-1         ReplayModule:596) - Replay result handler is added.
[2021-04-08 10:25:26,940][I] (replay             ReplayModule:354) - Loading new configuration...
[2021-04-08 10:25:27,708][I] (replay             ReplayModule:112) - Start replay module.
[2021-04-08 10:25:27,748][I] (nioEventLoopGroup-6-1         ReplayModule:596) - Replay result handler is added.
[2021-04-08 10:25:32,858][I] (nioEventLoopGroup-6-1         ReplayModule:601) - Replay result handler is removed.
[2021-04-08 10:25:32,933][I] (exit               ReplayModule:188) - Replay module is shutting down.
[2021-04-08 10:25:33,910][I] (replay             ReplayModule:354) - Loading new configuration...
[2021-04-08 10:25:34,674][I] (replay             ReplayModule:112) - Start replay module.
[2021-04-08 10:25:34,713][I] (nioEventLoopGroup-6-1         ReplayModule:596) - Replay result handler is added.
[2021-04-08 10:25:39,440][I] (nioEventLoopGroup-6-1         ReplayModule:601) - Replay result handler is removed.
[2021-04-08 10:25:39,441][I] (exit               ReplayModule:188) - Replay module is shutting down.
[2021-04-08 10:25:41,100][I] (replay             ReplayModule:354) - Loading new configuration...
[2021-04-08 10:25:41,907][I] (replay             ReplayModule:112) - Start replay module.
[2021-04-08 10:25:41,954][I] (nioEventLoopGroup-6-1         ReplayModule:596) - Replay result handler is added.
[2021-04-08 10:25:46,818][I] (nioEventLoopGroup-6-1         ReplayModule:601) - Replay result handler is removed.
[2021-04-08 10:25:46,820][I] (exit               ReplayModule:188) - Replay module is shutting down.
[2021-04-08 10:25:48,150][I] (replay             ReplayModule:354) - Loading new configuration...
[2021-04-08 10:25:48,912][I] (replay             ReplayModule:112) - Start replay module.
[2021-04-08 10:25:48,947][I] (nioEventLoopGroup-6-1         ReplayModule:596) - Replay result handler is added.
[2021-04-08 10:25:53,849][I] (nioEventLoopGroup-6-1         ReplayModule:601) - Replay result handler is removed.
[2021-04-08 10:25:53,852][I] (exit               ReplayModule:188) - Replay module is shutting down.
[2021-04-08 10:27:01,464][I] (replay             ReplayModule:354) - Loading new configuration...
[2021-04-08 10:27:02,227][I] (replay             ReplayModule:112) - Start replay module.
[2021-04-08 10:27:02,262][I] (nioEventLoopGroup-6-1         ReplayModule:596) - Replay result handler is added.
[2021-04-08 10:27:07,389][I] (nioEventLoopGroup-6-1         ReplayModule:601) - Replay result handler is removed.
[2021-04-08 10:27:07,389][I] (exit               ReplayModule:188) - Replay module is shutting down.
[2021-04-08 10:27:08,453][I] (replay             ReplayModule:354) - Loading new configuration...
[2021-04-08 10:27:09,243][I] (replay             ReplayModule:112) - Start replay module.
[2021-04-08 10:27:09,277][I] (nioEventLoopGroup-6-1         ReplayModule:596) - Replay result handler is added.
[2021-04-08 10:27:14,053][I] (nioEventLoopGroup-6-1         ReplayModule:601) - Replay result handler is removed.
[2021-04-08 10:27:14,053][I] (exit               ReplayModule:188) - Replay module is shutting down.
[2021-04-08 10:27:15,604][I] (replay             ReplayModule:354) - Loading new configuration...
[2021-04-08 10:27:16,380][I] (replay             ReplayModule:112) - Start replay module.
[2021-04-08 10:27:16,419][I] (nioEventLoopGroup-6-1         ReplayModule:596) - Replay result handler is added.
[2021-04-08 10:27:21,310][I] (nioEventLoopGroup-6-1         ReplayModule:601) - Replay result handler is removed.
[2021-04-08 10:27:21,311][I] (exit               ReplayModule:188) - Replay module is shutting down.
[2021-04-08 10:27:22,695][I] (replay             ReplayModule:354) - Loading new configuration...
[2021-04-08 10:27:23,486][I] (replay             ReplayModule:112) - Start replay module.
[2021-04-08 10:27:23,529][I] (nioEventLoopGroup-6-1         ReplayModule:596) - Replay result handler is added.
[2021-04-08 10:27:28,437][I] (nioEventLoopGroup-6-1         ReplayModule:601) - Replay result handler is removed.
[2021-04-08 10:27:28,438][I] (exit               ReplayModule:188) - Replay module is shutting down.
[2021-04-08 10:30:16,185][I] (replay             ReplayModule:354) - Loading new configuration...
[2021-04-08 10:30:16,924][I] (replay             ReplayModule:112) - Start replay module.
[2021-04-08 10:30:16,962][I] (nioEventLoopGroup-6-1         ReplayModule:596) - Replay result handler is added.
[2021-04-08 10:30:21,718][I] (nioEventLoopGroup-6-1         ReplayModule:601) - Replay result handler is removed.
[2021-04-08 10:30:21,718][I] (exit               ReplayModule:188) - Replay module is shutting down.
[2021-04-08 10:30:23,369][I] (replay             ReplayModule:354) - Loading new configuration...
[2021-04-08 10:30:24,056][I] (replay             ReplayModule:112) - Start replay module.
[2021-04-08 10:30:24,091][I] (nioEventLoopGroup-6-1         ReplayModule:596) - Replay result handler is added.
[2021-04-08 10:30:28,038][I] (nioEventLoopGroup-6-1         ReplayModule:601) - Replay result handler is removed.
[2021-04-08 10:30:28,039][I] (exit               ReplayModule:188) - Replay module is shutting down.
[2021-04-08 10:30:30,522][I] (replay             ReplayModule:354) - Loading new configuration...
[2021-04-08 10:30:31,322][I] (replay             ReplayModule:112) - Start replay module.
[2021-04-08 10:30:31,360][I] (nioEventLoopGroup-6-1         ReplayModule:596) - Replay result handler is added.
[2021-04-08 10:30:36,464][I] (nioEventLoopGroup-6-1         ReplayModule:601) - Replay result handler is removed.
[2021-04-08 10:30:36,464][I] (exit               ReplayModule:188) - Replay module is shutting down.
[2021-04-08 10:30:37,520][I] (replay             ReplayModule:354) - Loading new configuration...
[2021-04-08 10:30:38,263][I] (replay             ReplayModule:112) - Start replay module.
[2021-04-08 10:30:38,289][I] (nioEventLoopGroup-6-1         ReplayModule:596) - Replay result handler is added.
[2021-04-08 10:30:43,059][I] (nioEventLoopGroup-6-1         ReplayModule:601) - Replay result handler is removed.
[2021-04-08 10:30:43,059][I] (exit               ReplayModule:188) - Replay module is shutting down.
[2021-04-08 10:30:44,766][I] (replay             ReplayModule:354) - Loading new configuration...
[2021-04-08 10:30:45,530][I] (replay             ReplayModule:112) - Start replay module.
[2021-04-08 10:30:45,567][I] (nioEventLoopGroup-6-1         ReplayModule:596) - Replay result handler is added.
[2021-04-08 10:30:50,456][I] (nioEventLoopGroup-6-1         ReplayModule:601) - Replay result handler is removed.
[2021-04-08 10:30:50,457][I] (exit               ReplayModule:188) - Replay module is shutting down.
[2021-04-08 10:30:51,919][I] (replay             ReplayModule:354) - Loading new configuration...
[2021-04-08 10:30:52,657][I] (replay             ReplayModule:112) - Start replay module.
[2021-04-08 10:30:52,716][I] (nioEventLoopGroup-6-1         ReplayModule:596) - Replay result handler is added.
[2021-04-08 10:30:57,586][I] (nioEventLoopGroup-6-1         ReplayModule:601) - Replay result handler is removed.
[2021-04-08 10:30:57,587][I] (exit               ReplayModule:188) - Replay module is shutting down.
[2021-04-08 10:30:59,073][I] (replay             ReplayModule:354) - Loading new configuration...
[2021-04-08 10:30:59,756][I] (replay             ReplayModule:112) - Start replay module.
[2021-04-08 10:30:59,798][I] (nioEventLoopGroup-6-1         ReplayModule:596) - Replay result handler is added.
[2021-04-08 10:31:11,952][I] (nioEventLoopGroup-6-1         ReplayModule:601) - Replay result handler is removed.
[2021-04-08 10:31:11,952][I] (exit               ReplayModule:188) - Replay module is shutting down.
[2021-04-08 10:31:14,334][I] (replay             ReplayModule:354) - Loading new configuration...
[2021-04-08 10:31:15,027][I] (replay             ReplayModule:112) - Start replay module.
[2021-04-08 10:31:15,063][I] (nioEventLoopGroup-6-1         ReplayModule:596) - Replay result handler is added.
[2021-04-08 10:31:26,369][I] (nioEventLoopGroup-6-1         ReplayModule:601) - Replay result handler is removed.
[2021-04-08 10:31:26,369][I] (exit               ReplayModule:188) - Replay module is shutting down.
[2021-04-08 10:31:27,316][I] (replay             ReplayModule:354) - Loading new configuration...
[2021-04-08 10:31:27,996][I] (replay             ReplayModule:112) - Start replay module.
[2021-04-08 10:31:28,031][I] (nioEventLoopGroup-6-1         ReplayModule:596) - Replay result handler is added.
[2021-04-08 10:31:37,080][I] (nioEventLoopGroup-6-1         ReplayModule:601) - Replay result handler is removed.
[2021-04-08 10:31:37,081][I] (exit               ReplayModule:188) - Replay module is shutting down.
[2021-04-08 10:31:38,402][I] (replay             ReplayModule:354) - Loading new configuration...
[2021-04-08 10:31:39,098][I] (replay             ReplayModule:112) - Start replay module.
[2021-04-08 10:31:39,145][I] (nioEventLoopGroup-6-1         ReplayModule:596) - Replay result handler is added.
[2021-04-08 10:31:43,208][I] (nioEventLoopGroup-6-1         ReplayModule:601) - Replay result handler is removed.
[2021-04-08 10:31:43,208][I] (exit               ReplayModule:188) - Replay module is shutting down.
[2021-04-08 10:31:45,607][I] (replay             ReplayModule:354) - Loading new configuration...
[2021-04-08 10:31:46,339][I] (replay             ReplayModule:112) - Start replay module.
[2021-04-08 10:31:46,378][I] (nioEventLoopGroup-6-1         ReplayModule:596) - Replay result handler is added.
[2021-04-08 10:31:51,051][I] (nioEventLoopGroup-6-1         ReplayModule:601) - Replay result handler is removed.
[2021-04-08 10:31:51,051][I] (exit               ReplayModule:188) - Replay module is shutting down.
[2021-04-08 10:31:52,821][I] (replay             ReplayModule:354) - Loading new configuration...
[2021-04-08 10:31:53,482][I] (replay             ReplayModule:112) - Start replay module.
[2021-04-08 10:31:53,515][I] (nioEventLoopGroup-6-1         ReplayModule:596) - Replay result handler is added.
[2021-04-08 10:31:57,374][I] (nioEventLoopGroup-6-1         ReplayModule:601) - Replay result handler is removed.
[2021-04-08 10:31:57,374][I] (exit               ReplayModule:188) - Replay module is shutting down.
[2021-04-08 10:32:00,038][I] (replay             ReplayModule:354) - Loading new configuration...
[2021-04-08 10:32:00,837][I] (replay             ReplayModule:112) - Start replay module.
[2021-04-08 10:32:00,876][I] (nioEventLoopGroup-6-1         ReplayModule:596) - Replay result handler is added.
[2021-04-08 10:32:07,956][I] (nioEventLoopGroup-6-1         ReplayModule:601) - Replay result handler is removed.
[2021-04-08 10:32:07,956][I] (exit               ReplayModule:188) - Replay module is shutting down.
[2021-04-08 10:32:09,033][I] (replay             ReplayModule:354) - Loading new configuration...
[2021-04-08 10:32:09,907][I] (replay             ReplayModule:112) - Start replay module.
[2021-04-08 10:32:09,938][I] (nioEventLoopGroup-6-1         ReplayModule:596) - Replay result handler is added.
[2021-04-08 10:32:18,536][I] (nioEventLoopGroup-6-1         ReplayModule:601) - Replay result handler is removed.
[2021-04-08 10:32:18,541][I] (exit               ReplayModule:188) - Replay module is shutting down.
[2021-04-08 10:32:20,194][I] (replay             ReplayModule:354) - Loading new configuration...
[2021-04-08 10:32:21,120][I] (replay             ReplayModule:112) - Start replay module.
[2021-04-08 10:32:21,161][I] (nioEventLoopGroup-6-1         ReplayModule:596) - Replay result handler is added.
[2021-04-08 10:32:34,337][I] (nioEventLoopGroup-6-1         ReplayModule:601) - Replay result handler is removed.
[2021-04-08 10:32:34,341][I] (exit               ReplayModule:188) - Replay module is shutting down.
[2021-04-08 10:32:37,457][I] (replay             ReplayModule:354) - Loading new configuration...
[2021-04-08 10:32:38,452][I] (replay             ReplayModule:112) - Start replay module.
[2021-04-08 10:32:38,503][I] (nioEventLoopGroup-6-1         ReplayModule:596) - Replay result handler is added.
[2021-04-08 10:32:53,227][I] (nioEventLoopGroup-6-1         ReplayModule:601) - Replay result handler is removed.
[2021-04-08 10:32:53,227][I] (exit               ReplayModule:188) - Replay module is shutting down.
[2021-04-08 10:32:54,544][I] (replay             ReplayModule:354) - Loading new configuration...
[2021-04-08 10:32:55,414][I] (replay             ReplayModule:112) - Start replay module.
[2021-04-08 10:32:55,450][I] (nioEventLoopGroup-6-1         ReplayModule:596) - Replay result handler is added.
[2021-04-08 10:33:01,980][I] (nioEventLoopGroup-6-1         ReplayModule:601) - Replay result handler is removed.
[2021-04-08 10:33:01,984][I] (exit               ReplayModule:188) - Replay module is shutting down.
[2021-04-08 10:33:03,777][I] (replay             ReplayModule:354) - Loading new configuration...
[2021-04-08 10:33:04,522][I] (replay             ReplayModule:112) - Start replay module.
[2021-04-08 10:33:04,568][I] (nioEventLoopGroup-6-1         ReplayModule:596) - Replay result handler is added.
[2021-04-08 10:33:11,786][I] (nioEventLoopGroup-6-1         ReplayModule:601) - Replay result handler is removed.
[2021-04-08 10:33:11,792][I] (exit               ReplayModule:188) - Replay module is shutting down.
[2021-04-08 10:33:12,750][I] (replay             ReplayModule:354) - Loading new configuration...
[2021-04-08 10:33:13,448][I] (replay             ReplayModule:112) - Start replay module.
[2021-04-08 10:33:13,498][I] (nioEventLoopGroup-6-1         ReplayModule:596) - Replay result handler is added.
[2021-04-08 10:33:17,937][I] (nioEventLoopGroup-6-1         ReplayModule:601) - Replay result handler is removed.
[2021-04-08 10:33:19,913][I] (replay             ReplayModule:354) - Loading new configuration...
[2021-04-08 10:33:20,595][I] (replay             ReplayModule:112) - Start replay module.
[2021-04-08 10:33:20,634][I] (nioEventLoopGroup-6-1         ReplayModule:596) - Replay result handler is added.
[2021-04-08 10:33:24,565][I] (nioEventLoopGroup-6-1         ReplayModule:601) - Replay result handler is removed.
[2021-04-08 10:33:24,572][I] (exit               ReplayModule:188) - Replay module is shutting down.
[2021-04-08 21:45:33,439][I] (replay             ReplayModule:354) - Loading new configuration...
[2021-04-08 21:45:34,581][I] (replay             ReplayModule:112) - Start replay module.
[2021-04-08 21:45:34,629][I] (nioEventLoopGroup-6-1         ReplayModule:596) - Replay result handler is added.
[2021-04-08 21:45:39,771][I] (nioEventLoopGroup-6-1         ReplayModule:601) - Replay result handler is removed.
[2021-04-08 21:45:39,772][I] (exit               ReplayModule:188) - Replay module is shutting down.
[2021-04-08 21:45:42,922][I] (replay             ReplayModule:354) - Loading new configuration...
[2021-04-08 21:45:44,120][I] (replay             ReplayModule:112) - Start replay module.
[2021-04-08 21:45:44,184][I] (nioEventLoopGroup-6-1         ReplayModule:596) - Replay result handler is added.
[2021-04-08 21:45:48,920][I] (nioEventLoopGroup-6-1         ReplayModule:601) - Replay result handler is removed.
[2021-04-08 21:45:48,921][I] (exit               ReplayModule:188) - Replay module is shutting down.
[2021-04-08 21:45:50,273][I] (replay             ReplayModule:354) - Loading new configuration...
[2021-04-08 21:45:51,426][I] (replay             ReplayModule:112) - Start replay module.
[2021-04-08 21:45:51,486][I] (nioEventLoopGroup-6-1         ReplayModule:596) - Replay result handler is added.
[2021-04-08 21:45:55,914][I] (nioEventLoopGroup-6-1         ReplayModule:601) - Replay result handler is removed.
[2021-04-08 21:45:55,915][I] (exit               ReplayModule:188) - Replay module is shutting down.
[2021-04-08 21:45:57,984][I] (replay             ReplayModule:354) - Loading new configuration...
[2021-04-08 21:45:59,443][I] (replay             ReplayModule:112) - Start replay module.
[2021-04-08 21:45:59,501][I] (nioEventLoopGroup-6-1         ReplayModule:596) - Replay result handler is added.
[2021-04-08 21:46:03,984][I] (nioEventLoopGroup-6-1         ReplayModule:601) - Replay result handler is removed.
[2021-04-08 21:46:03,995][I] (exit               ReplayModule:188) - Replay module is shutting down.
[2021-04-08 21:47:44,780][I] (replay             ReplayModule:354) - Loading new configuration...
[2021-04-08 21:47:45,991][I] (replay             ReplayModule:112) - Start replay module.
[2021-04-08 21:47:46,041][I] (nioEventLoopGroup-6-1         ReplayModule:596) - Replay result handler is added.
[2021-04-08 21:47:51,128][I] (nioEventLoopGroup-6-1         ReplayModule:601) - Replay result handler is removed.
[2021-04-08 21:47:51,128][I] (exit               ReplayModule:188) - Replay module is shutting down.
[2021-04-08 21:47:54,253][I] (replay             ReplayModule:354) - Loading new configuration...
[2021-04-08 21:47:55,460][I] (replay             ReplayModule:112) - Start replay module.
[2021-04-08 21:47:55,515][I] (nioEventLoopGroup-6-1         ReplayModule:596) - Replay result handler is added.
[2021-04-08 21:48:00,258][I] (nioEventLoopGroup-6-1         ReplayModule:601) - Replay result handler is removed.
[2021-04-08 21:48:00,258][I] (exit               ReplayModule:188) - Replay module is shutting down.
[2021-04-08 21:48:01,551][I] (replay             ReplayModule:354) - Loading new configuration...
[2021-04-08 21:48:02,731][I] (replay             ReplayModule:112) - Start replay module.
[2021-04-08 21:48:02,784][I] (nioEventLoopGroup-6-1         ReplayModule:596) - Replay result handler is added.
[2021-04-08 21:48:07,244][I] (nioEventLoopGroup-6-1         ReplayModule:601) - Replay result handler is removed.
[2021-04-08 21:48:07,244][I] (exit               ReplayModule:188) - Replay module is shutting down.
[2021-04-08 21:48:08,994][I] (replay             ReplayModule:354) - Loading new configuration...
[2021-04-08 21:48:10,056][I] (replay             ReplayModule:112) - Start replay module.
[2021-04-08 21:48:10,108][I] (nioEventLoopGroup-6-1         ReplayModule:596) - Replay result handler is added.
[2021-04-08 21:48:14,562][I] (nioEventLoopGroup-6-1         ReplayModule:601) - Replay result handler is removed.
[2021-04-08 21:48:14,563][I] (exit               ReplayModule:188) - Replay module is shutting down.
[2021-04-08 22:02:30,424][I] (replay             ReplayModule:354) - Loading new configuration...
[2021-04-08 22:02:31,599][I] (replay             ReplayModule:112) - Start replay module.
[2021-04-08 22:02:31,644][I] (nioEventLoopGroup-6-1         ReplayModule:596) - Replay result handler is added.
[2021-04-08 22:02:36,745][I] (nioEventLoopGroup-6-1         ReplayModule:601) - Replay result handler is removed.
[2021-04-08 22:02:36,746][I] (exit               ReplayModule:188) - Replay module is shutting down.
[2021-04-08 22:02:39,870][I] (replay             ReplayModule:354) - Loading new configuration...
[2021-04-08 22:02:41,012][I] (replay             ReplayModule:112) - Start replay module.
[2021-04-08 22:02:41,063][I] (nioEventLoopGroup-6-1         ReplayModule:596) - Replay result handler is added.
[2021-04-08 22:02:45,805][I] (nioEventLoopGroup-6-1         ReplayModule:601) - Replay result handler is removed.
[2021-04-08 22:02:45,805][I] (exit               ReplayModule:188) - Replay module is shutting down.
[2021-04-08 22:02:47,199][I] (replay             ReplayModule:354) - Loading new configuration...
[2021-04-08 22:02:48,286][I] (replay             ReplayModule:112) - Start replay module.
[2021-04-08 22:02:48,344][I] (nioEventLoopGroup-6-1         ReplayModule:596) - Replay result handler is added.
[2021-04-08 22:02:52,788][I] (nioEventLoopGroup-6-1         ReplayModule:601) - Replay result handler is removed.
[2021-04-08 22:02:52,789][I] (exit               ReplayModule:188) - Replay module is shutting down.
[2021-04-08 22:02:54,623][I] (replay             ReplayModule:354) - Loading new configuration...
[2021-04-08 22:02:55,737][I] (replay             ReplayModule:112) - Start replay module.
[2021-04-08 22:02:55,783][I] (nioEventLoopGroup-6-1         ReplayModule:596) - Replay result handler is added.
[2021-04-08 22:03:00,257][I] (nioEventLoopGroup-6-1         ReplayModule:601) - Replay result handler is removed.
[2021-04-08 22:03:00,257][I] (exit               ReplayModule:188) - Replay module is shutting down.
[2021-04-08 22:05:27,978][I] (replay             ReplayModule:354) - Loading new configuration...
[2021-04-08 22:05:29,155][I] (replay             ReplayModule:112) - Start replay module.
[2021-04-08 22:05:29,205][I] (nioEventLoopGroup-6-1         ReplayModule:596) - Replay result handler is added.
[2021-04-08 22:05:33,879][I] (nioEventLoopGroup-6-1         ReplayModule:601) - Replay result handler is removed.
[2021-04-08 22:05:33,880][I] (exit               ReplayModule:188) - Replay module is shutting down.
[2021-04-08 22:05:35,337][I] (replay             ReplayModule:354) - Loading new configuration...
[2021-04-08 22:05:36,354][I] (replay             ReplayModule:112) - Start replay module.
[2021-04-08 22:05:36,396][I] (nioEventLoopGroup-6-1         ReplayModule:596) - Replay result handler is added.
[2021-04-08 22:05:40,626][I] (nioEventLoopGroup-6-1         ReplayModule:601) - Replay result handler is removed.
[2021-04-08 22:05:40,627][I] (exit               ReplayModule:188) - Replay module is shutting down.
[2021-04-08 22:05:42,682][I] (replay             ReplayModule:354) - Loading new configuration...
[2021-04-08 22:05:43,772][I] (replay             ReplayModule:112) - Start replay module.
[2021-04-08 22:05:43,818][I] (nioEventLoopGroup-6-1         ReplayModule:596) - Replay result handler is added.
[2021-04-08 22:05:48,918][I] (nioEventLoopGroup-6-1         ReplayModule:601) - Replay result handler is removed.
[2021-04-08 22:05:48,918][I] (exit               ReplayModule:188) - Replay module is shutting down.
[2021-04-08 22:05:52,122][I] (replay             ReplayModule:354) - Loading new configuration...
[2021-04-08 22:05:53,167][I] (replay             ReplayModule:112) - Start replay module.
[2021-04-08 22:05:53,220][I] (nioEventLoopGroup-6-1         ReplayModule:596) - Replay result handler is added.
[2021-04-08 22:05:57,973][I] (nioEventLoopGroup-6-1         ReplayModule:601) - Replay result handler is removed.
[2021-04-08 22:05:57,974][I] (exit               ReplayModule:188) - Replay module is shutting down.
[2021-04-08 22:05:59,373][I] (replay             ReplayModule:354) - Loading new configuration...
[2021-04-08 22:06:00,371][I] (replay             ReplayModule:112) - Start replay module.
[2021-04-08 22:06:00,415][I] (nioEventLoopGroup-6-1         ReplayModule:596) - Replay result handler is added.
[2021-04-08 22:06:04,870][I] (nioEventLoopGroup-6-1         ReplayModule:601) - Replay result handler is removed.
[2021-04-08 22:06:04,870][I] (exit               ReplayModule:188) - Replay module is shutting down.
[2021-04-08 22:06:06,836][I] (replay             ReplayModule:354) - Loading new configuration...
[2021-04-08 22:06:07,820][I] (replay             ReplayModule:112) - Start replay module.
[2021-04-08 22:06:07,864][I] (nioEventLoopGroup-6-1         ReplayModule:596) - Replay result handler is added.
[2021-04-08 22:06:12,315][I] (nioEventLoopGroup-6-1         ReplayModule:601) - Replay result handler is removed.
[2021-04-08 22:06:12,316][I] (exit               ReplayModule:188) - Replay module is shutting down.
[2021-04-08 22:06:14,187][I] (replay             ReplayModule:354) - Loading new configuration...
[2021-04-08 22:06:15,505][I] (replay             ReplayModule:112) - Start replay module.
[2021-04-08 22:06:15,547][I] (nioEventLoopGroup-6-1         ReplayModule:596) - Replay result handler is added.
[2021-04-08 22:06:23,026][I] (nioEventLoopGroup-6-1         ReplayModule:601) - Replay result handler is removed.
[2021-04-08 22:06:23,026][I] (exit               ReplayModule:188) - Replay module is shutting down.
[2021-04-08 22:06:25,559][I] (replay             ReplayModule:354) - Loading new configuration...
[2021-04-08 22:06:26,930][I] (replay             ReplayModule:112) - Start replay module.
[2021-04-08 22:06:26,969][I] (nioEventLoopGroup-6-1         ReplayModule:596) - Replay result handler is added.
[2021-04-08 22:06:35,591][I] (nioEventLoopGroup-6-1         ReplayModule:601) - Replay result handler is removed.
[2021-04-08 22:06:35,591][I] (exit               ReplayModule:188) - Replay module is shutting down.
[2021-04-08 22:06:36,785][I] (replay             ReplayModule:354) - Loading new configuration...
[2021-04-08 22:06:38,400][I] (replay             ReplayModule:112) - Start replay module.
[2021-04-08 22:06:38,438][I] (nioEventLoopGroup-6-1         ReplayModule:596) - Replay result handler is added.
[2021-04-08 22:06:51,622][I] (nioEventLoopGroup-6-1         ReplayModule:601) - Replay result handler is removed.
[2021-04-08 22:06:51,623][I] (exit               ReplayModule:188) - Replay module is shutting down.
[2021-04-08 22:06:54,254][I] (replay             ReplayModule:354) - Loading new configuration...
[2021-04-08 22:06:55,871][I] (replay             ReplayModule:112) - Start replay module.
[2021-04-08 22:06:55,913][I] (nioEventLoopGroup-6-1         ReplayModule:596) - Replay result handler is added.
[2021-04-08 22:07:07,980][I] (nioEventLoopGroup-6-1         ReplayModule:601) - Replay result handler is removed.
[2021-04-08 22:07:07,981][I] (exit               ReplayModule:188) - Replay module is shutting down.
[2021-04-08 22:07:09,570][I] (replay             ReplayModule:354) - Loading new configuration...
[2021-04-08 22:07:11,130][I] (replay             ReplayModule:112) - Start replay module.
[2021-04-08 22:07:11,192][I] (nioEventLoopGroup-6-1         ReplayModule:596) - Replay result handler is added.
[2021-04-08 22:07:18,651][I] (nioEventLoopGroup-6-1         ReplayModule:601) - Replay result handler is removed.
[2021-04-08 22:07:18,652][I] (exit               ReplayModule:188) - Replay module is shutting down.
[2021-04-08 22:07:21,103][I] (replay             ReplayModule:354) - Loading new configuration...
[2021-04-08 22:07:22,783][I] (replay             ReplayModule:112) - Start replay module.
[2021-04-08 22:07:22,833][I] (nioEventLoopGroup-6-1         ReplayModule:596) - Replay result handler is added.
[2021-04-08 22:07:31,833][I] (nioEventLoopGroup-6-1         ReplayModule:601) - Replay result handler is removed.
[2021-04-08 22:07:31,834][I] (exit               ReplayModule:188) - Replay module is shutting down.
[2021-04-08 22:07:34,576][I] (replay             ReplayModule:354) - Loading new configuration...
[2021-04-08 22:07:35,705][I] (replay             ReplayModule:112) - Start replay module.
[2021-04-08 22:07:35,754][I] (nioEventLoopGroup-6-1         ReplayModule:596) - Replay result handler is added.
[2021-04-08 22:07:40,647][I] (nioEventLoopGroup-6-1         ReplayModule:601) - Replay result handler is removed.
[2021-04-08 22:07:40,649][I] (exit               ReplayModule:188) - Replay module is shutting down.
[2021-04-14 12:39:58,366][I] (replay             ReplayModule:354) - Loading new configuration...
[2021-04-14 12:39:59,342][I] (replay             ReplayModule:112) - Start replay module.
[2021-04-14 12:39:59,384][I] (nioEventLoopGroup-6-1         ReplayModule:596) - Replay result handler is added.
[2021-04-14 12:40:04,215][I] (nioEventLoopGroup-6-1         ReplayModule:601) - Replay result handler is removed.
[2021-04-14 12:40:04,215][I] (exit               ReplayModule:188) - Replay module is shutting down.
[2021-04-14 12:40:05,583][I] (replay             ReplayModule:354) - Loading new configuration...
[2021-04-14 12:40:06,384][I] (replay             ReplayModule:112) - Start replay module.
[2021-04-14 12:40:06,419][I] (nioEventLoopGroup-6-1         ReplayModule:596) - Replay result handler is added.
[2021-04-14 12:40:11,320][I] (nioEventLoopGroup-6-1         ReplayModule:601) - Replay result handler is removed.
[2021-04-14 12:40:11,320][I] (exit               ReplayModule:188) - Replay module is shutting down.
[2021-04-14 12:40:12,678][I] (replay             ReplayModule:354) - Loading new configuration...
[2021-04-14 12:40:13,519][I] (replay             ReplayModule:112) - Start replay module.
[2021-04-14 12:40:13,556][I] (nioEventLoopGroup-6-1         ReplayModule:596) - Replay result handler is added.
[2021-04-14 12:40:19,260][I] (nioEventLoopGroup-6-1         ReplayModule:601) - Replay result handler is removed.
[2021-04-14 12:40:19,261][I] (exit               ReplayModule:188) - Replay module is shutting down.
[2021-04-14 12:40:21,864][I] (replay             ReplayModule:354) - Loading new configuration...
[2021-04-14 12:40:22,723][I] (replay             ReplayModule:112) - Start replay module.
[2021-04-14 12:40:22,772][I] (nioEventLoopGroup-6-1         ReplayModule:596) - Replay result handler is added.
[2021-04-14 12:40:28,465][I] (nioEventLoopGroup-6-1         ReplayModule:601) - Replay result handler is removed.
[2021-04-14 12:40:28,466][I] (exit               ReplayModule:188) - Replay module is shutting down.
[2021-04-14 12:47:45,332][I] (replay             ReplayModule:354) - Loading new configuration...
[2021-04-14 12:47:46,122][I] (replay             ReplayModule:112) - Start replay module.
[2021-04-14 12:47:46,160][I] (nioEventLoopGroup-6-1         ReplayModule:596) - Replay result handler is added.
[2021-04-14 12:47:50,990][I] (nioEventLoopGroup-6-1         ReplayModule:601) - Replay result handler is removed.
[2021-04-14 12:47:50,991][I] (exit               ReplayModule:188) - Replay module is shutting down.
[2021-04-14 12:47:52,451][I] (replay             ReplayModule:354) - Loading new configuration...
[2021-04-14 12:47:53,221][I] (replay             ReplayModule:112) - Start replay module.
[2021-04-14 12:47:53,257][I] (nioEventLoopGroup-6-1         ReplayModule:596) - Replay result handler is added.
[2021-04-14 12:47:58,183][I] (nioEventLoopGroup-6-1         ReplayModule:601) - Replay result handler is removed.
[2021-04-14 12:47:58,184][I] (exit               ReplayModule:188) - Replay module is shutting down.
[2021-04-14 12:47:59,552][I] (replay             ReplayModule:354) - Loading new configuration...
[2021-04-14 12:48:00,403][I] (replay             ReplayModule:112) - Start replay module.
[2021-04-14 12:48:00,438][I] (nioEventLoopGroup-6-1         ReplayModule:596) - Replay result handler is added.
[2021-04-14 12:48:06,147][I] (nioEventLoopGroup-6-1         ReplayModule:601) - Replay result handler is removed.
[2021-04-14 12:48:06,147][I] (exit               ReplayModule:188) - Replay module is shutting down.
[2021-04-14 12:48:08,745][I] (replay             ReplayModule:354) - Loading new configuration...
[2021-04-14 12:48:09,610][I] (replay             ReplayModule:112) - Start replay module.
[2021-04-14 12:48:09,657][I] (nioEventLoopGroup-6-1         ReplayModule:596) - Replay result handler is added.
[2021-04-14 12:48:15,353][I] (nioEventLoopGroup-6-1         ReplayModule:601) - Replay result handler is removed.
[2021-04-14 12:48:15,353][I] (exit               ReplayModule:188) - Replay module is shutting down.
[2021-04-14 12:51:30,362][I] (replay             ReplayModule:354) - Loading new configuration...
[2021-04-14 12:51:31,136][I] (replay             ReplayModule:112) - Start replay module.
[2021-04-14 12:51:31,170][I] (nioEventLoopGroup-6-1         ReplayModule:596) - Replay result handler is added.
[2021-04-14 12:51:36,036][I] (nioEventLoopGroup-6-1         ReplayModule:601) - Replay result handler is removed.
[2021-04-14 12:51:36,036][I] (exit               ReplayModule:188) - Replay module is shutting down.
[2021-04-14 12:51:37,471][I] (replay             ReplayModule:354) - Loading new configuration...
[2021-04-14 12:51:38,240][I] (replay             ReplayModule:112) - Start replay module.
[2021-04-14 12:51:38,273][I] (nioEventLoopGroup-6-1         ReplayModule:596) - Replay result handler is added.
[2021-04-14 12:51:43,175][I] (nioEventLoopGroup-6-1         ReplayModule:601) - Replay result handler is removed.
[2021-04-14 12:51:43,175][I] (exit               ReplayModule:188) - Replay module is shutting down.
[2021-04-14 12:51:44,577][I] (replay             ReplayModule:354) - Loading new configuration...
[2021-04-14 12:51:45,395][I] (replay             ReplayModule:112) - Start replay module.
[2021-04-14 12:51:45,431][I] (nioEventLoopGroup-6-1         ReplayModule:596) - Replay result handler is added.
[2021-04-14 12:51:51,141][I] (nioEventLoopGroup-6-1         ReplayModule:601) - Replay result handler is removed.
[2021-04-14 12:51:51,141][I] (exit               ReplayModule:188) - Replay module is shutting down.
[2021-04-14 12:51:53,737][I] (replay             ReplayModule:354) - Loading new configuration...
[2021-04-14 12:51:54,579][I] (replay             ReplayModule:112) - Start replay module.
[2021-04-14 12:51:54,613][I] (nioEventLoopGroup-6-1         ReplayModule:596) - Replay result handler is added.
[2021-04-14 12:52:00,332][I] (nioEventLoopGroup-6-1         ReplayModule:601) - Replay result handler is removed.
[2021-04-14 12:52:00,332][I] (exit               ReplayModule:188) - Replay module is shutting down.
[2021-04-14 12:52:02,907][I] (replay             ReplayModule:354) - Loading new configuration...
[2021-04-14 12:52:03,598][I] (replay             ReplayModule:112) - Start replay module.
[2021-04-14 12:52:03,632][I] (nioEventLoopGroup-6-1         ReplayModule:596) - Replay result handler is added.
[2021-04-14 12:52:08,151][I] (nioEventLoopGroup-6-1         ReplayModule:601) - Replay result handler is removed.
[2021-04-14 12:52:08,152][I] (exit               ReplayModule:188) - Replay module is shutting down.
[2021-04-14 12:52:10,184][I] (replay             ReplayModule:354) - Loading new configuration...
[2021-04-14 12:52:10,895][I] (replay             ReplayModule:112) - Start replay module.
[2021-04-14 12:52:10,929][I] (nioEventLoopGroup-6-1         ReplayModule:596) - Replay result handler is added.
[2021-04-14 12:52:15,738][I] (nioEventLoopGroup-6-1         ReplayModule:601) - Replay result handler is removed.
[2021-04-14 12:52:15,739][I] (exit               ReplayModule:188) - Replay module is shutting down.
[2021-04-14 12:52:17,376][I] (replay             ReplayModule:354) - Loading new configuration...
[2021-04-14 12:52:18,077][I] (replay             ReplayModule:112) - Start replay module.
[2021-04-14 12:52:18,111][I] (nioEventLoopGroup-6-1         ReplayModule:596) - Replay result handler is added.
[2021-04-14 12:52:22,649][I] (nioEventLoopGroup-6-1         ReplayModule:601) - Replay result handler is removed.
[2021-04-14 12:52:22,650][I] (exit               ReplayModule:188) - Replay module is shutting down.
[2021-04-14 12:52:24,555][I] (replay             ReplayModule:354) - Loading new configuration...
[2021-04-14 12:52:25,247][I] (replay             ReplayModule:112) - Start replay module.
[2021-04-14 12:52:25,283][I] (nioEventLoopGroup-6-1         ReplayModule:596) - Replay result handler is added.
[2021-04-14 12:52:29,805][I] (nioEventLoopGroup-6-1         ReplayModule:601) - Replay result handler is removed.
[2021-04-14 12:52:29,805][I] (exit               ReplayModule:188) - Replay module is shutting down.
[2021-04-14 12:52:31,724][I] (replay             ReplayModule:354) - Loading new configuration...
[2021-04-14 12:52:32,422][I] (replay             ReplayModule:112) - Start replay module.
[2021-04-14 12:52:32,455][I] (nioEventLoopGroup-6-1         ReplayModule:596) - Replay result handler is added.
[2021-04-14 12:52:37,231][I] (nioEventLoopGroup-6-1         ReplayModule:601) - Replay result handler is removed.
[2021-04-14 12:52:37,233][I] (exit               ReplayModule:188) - Replay module is shutting down.
[2021-04-14 12:52:38,905][I] (replay             ReplayModule:354) - Loading new configuration...
[2021-04-14 12:52:39,620][I] (replay             ReplayModule:112) - Start replay module.
[2021-04-14 12:52:39,654][I] (nioEventLoopGroup-6-1         ReplayModule:596) - Replay result handler is added.
[2021-04-14 12:52:43,909][I] (nioEventLoopGroup-6-1         ReplayModule:601) - Replay result handler is removed.
[2021-04-14 12:52:43,910][I] (exit               ReplayModule:188) - Replay module is shutting down.
[2021-04-14 12:52:46,073][I] (replay             ReplayModule:354) - Loading new configuration...
[2021-04-14 12:52:46,800][I] (replay             ReplayModule:112) - Start replay module.
[2021-04-14 12:52:46,833][I] (nioEventLoopGroup-6-1         ReplayModule:596) - Replay result handler is added.
[2021-04-14 12:52:51,542][I] (nioEventLoopGroup-6-1         ReplayModule:601) - Replay result handler is removed.
[2021-04-14 12:52:51,542][I] (exit               ReplayModule:188) - Replay module is shutting down.
[2021-04-14 12:52:53,245][I] (replay             ReplayModule:354) - Loading new configuration...
[2021-04-14 12:52:53,957][I] (replay             ReplayModule:112) - Start replay module.
[2021-04-14 12:52:53,990][I] (nioEventLoopGroup-6-1         ReplayModule:596) - Replay result handler is added.
[2021-04-14 12:52:58,524][I] (nioEventLoopGroup-6-1         ReplayModule:601) - Replay result handler is removed.
[2021-04-14 12:52:58,524][I] (exit               ReplayModule:188) - Replay module is shutting down.
[2021-04-14 12:53:00,430][I] (replay             ReplayModule:354) - Loading new configuration...
[2021-04-14 12:53:01,128][I] (replay             ReplayModule:112) - Start replay module.
[2021-04-14 12:53:01,163][I] (nioEventLoopGroup-6-1         ReplayModule:596) - Replay result handler is added.
[2021-04-14 12:53:05,492][I] (nioEventLoopGroup-6-1         ReplayModule:601) - Replay result handler is removed.
[2021-04-14 12:53:05,500][I] (exit               ReplayModule:188) - Replay module is shutting down.
[2021-04-14 12:53:07,612][I] (replay             ReplayModule:354) - Loading new configuration...
[2021-04-14 12:53:08,521][I] (replay             ReplayModule:112) - Start replay module.
[2021-04-14 12:53:08,555][I] (nioEventLoopGroup-6-1         ReplayModule:596) - Replay result handler is added.
[2021-04-14 12:53:15,688][I] (nioEventLoopGroup-6-1         ReplayModule:601) - Replay result handler is removed.
[2021-04-14 12:53:15,696][I] (exit               ReplayModule:188) - Replay module is shutting down.
[2021-04-14 12:53:16,600][I] (replay             ReplayModule:354) - Loading new configuration...
[2021-04-14 12:53:17,476][I] (replay             ReplayModule:112) - Start replay module.
[2021-04-14 12:53:17,510][I] (nioEventLoopGroup-6-1         ReplayModule:596) - Replay result handler is added.
[2021-04-14 12:53:24,038][I] (nioEventLoopGroup-6-1         ReplayModule:601) - Replay result handler is removed.
[2021-04-14 12:53:24,044][I] (exit               ReplayModule:188) - Replay module is shutting down.
[2021-04-14 12:53:25,778][I] (replay             ReplayModule:354) - Loading new configuration...
[2021-04-14 12:53:26,691][I] (replay             ReplayModule:112) - Start replay module.
[2021-04-14 12:53:26,725][I] (nioEventLoopGroup-6-1         ReplayModule:596) - Replay result handler is added.
[2021-04-14 12:53:33,707][I] (nioEventLoopGroup-6-1         ReplayModule:601) - Replay result handler is removed.
[2021-04-14 12:53:33,713][I] (exit               ReplayModule:188) - Replay module is shutting down.
[2021-04-14 12:53:34,797][I] (replay             ReplayModule:354) - Loading new configuration...
[2021-04-14 12:53:35,721][I] (replay             ReplayModule:112) - Start replay module.
[2021-04-14 12:53:35,756][I] (nioEventLoopGroup-6-1         ReplayModule:596) - Replay result handler is added.
[2021-04-14 12:53:42,680][I] (nioEventLoopGroup-6-1         ReplayModule:601) - Replay result handler is removed.
[2021-04-14 12:53:42,689][I] (exit               ReplayModule:188) - Replay module is shutting down.
[2021-04-14 12:53:43,810][I] (replay             ReplayModule:354) - Loading new configuration...
[2021-04-14 12:53:44,679][I] (replay             ReplayModule:112) - Start replay module.
[2021-04-14 12:53:44,714][I] (nioEventLoopGroup-6-1         ReplayModule:596) - Replay result handler is added.
[2021-04-14 12:53:50,714][I] (nioEventLoopGroup-6-1         ReplayModule:601) - Replay result handler is removed.
[2021-04-14 12:53:50,720][I] (exit               ReplayModule:188) - Replay module is shutting down.
[2021-04-14 12:53:52,977][I] (replay             ReplayModule:354) - Loading new configuration...
[2021-04-14 12:53:53,860][I] (replay             ReplayModule:112) - Start replay module.
[2021-04-14 12:53:53,895][I] (nioEventLoopGroup-6-1         ReplayModule:596) - Replay result handler is added.
[2021-04-14 12:53:59,831][I] (nioEventLoopGroup-6-1         ReplayModule:601) - Replay result handler is removed.
[2021-04-14 12:53:59,845][I] (exit               ReplayModule:188) - Replay module is shutting down.
[2021-04-14 12:54:02,155][I] (replay             ReplayModule:354) - Loading new configuration...
[2021-04-14 12:54:02,970][I] (replay             ReplayModule:112) - Start replay module.
[2021-04-14 12:54:03,006][I] (nioEventLoopGroup-6-1         ReplayModule:596) - Replay result handler is added.
[2021-04-14 12:54:08,744][I] (nioEventLoopGroup-6-1         ReplayModule:601) - Replay result handler is removed.
[2021-04-14 12:54:11,333][I] (replay             ReplayModule:354) - Loading new configuration...
[2021-04-14 12:54:12,150][I] (replay             ReplayModule:112) - Start replay module.
[2021-04-14 12:54:12,185][I] (nioEventLoopGroup-6-1         ReplayModule:596) - Replay result handler is added.
[2021-04-14 12:54:17,927][I] (nioEventLoopGroup-6-1         ReplayModule:601) - Replay result handler is removed.
[2021-04-14 12:54:17,928][I] (exit               ReplayModule:188) - Replay module is shutting down.
[2021-04-14 12:54:20,507][I] (replay             ReplayModule:354) - Loading new configuration...
[2021-04-14 12:54:21,252][I] (replay             ReplayModule:112) - Start replay module.
[2021-04-14 12:54:21,286][I] (nioEventLoopGroup-6-1         ReplayModule:596) - Replay result handler is added.
[2021-04-14 12:54:26,003][I] (nioEventLoopGroup-6-1         ReplayModule:601) - Replay result handler is removed.
[2021-04-14 12:54:26,004][I] (exit               ReplayModule:188) - Replay module is shutting down.
[2021-04-14 12:54:27,684][I] (replay             ReplayModule:354) - Loading new configuration...
[2021-04-14 12:54:28,505][I] (replay             ReplayModule:112) - Start replay module.
[2021-04-14 12:54:28,539][I] (nioEventLoopGroup-6-1         ReplayModule:596) - Replay result handler is added.
[2021-04-14 12:54:34,091][I] (nioEventLoopGroup-6-1         ReplayModule:601) - Replay result handler is removed.
[2021-04-14 12:54:34,092][I] (exit               ReplayModule:188) - Replay module is shutting down.
[2021-04-14 12:54:36,871][I] (replay             ReplayModule:354) - Loading new configuration...
[2021-04-14 12:54:37,629][I] (replay             ReplayModule:112) - Start replay module.
[2021-04-14 12:54:37,662][I] (nioEventLoopGroup-6-1         ReplayModule:596) - Replay result handler is added.
[2021-04-14 12:54:42,567][I] (nioEventLoopGroup-6-1         ReplayModule:601) - Replay result handler is removed.
[2021-04-14 12:54:42,568][I] (exit               ReplayModule:188) - Replay module is shutting down.
[2021-04-14 12:54:43,955][I] (replay             ReplayModule:354) - Loading new configuration...
[2021-04-14 12:54:44,768][I] (replay             ReplayModule:112) - Start replay module.
[2021-04-14 12:54:44,802][I] (nioEventLoopGroup-6-1         ReplayModule:596) - Replay result handler is added.
[2021-04-14 12:54:50,359][I] (nioEventLoopGroup-6-1         ReplayModule:601) - Replay result handler is removed.
[2021-04-14 12:54:50,360][I] (exit               ReplayModule:188) - Replay module is shutting down.
[2021-04-14 12:54:53,128][I] (replay             ReplayModule:354) - Loading new configuration...
[2021-04-14 12:54:54,034][I] (replay             ReplayModule:112) - Start replay module.
[2021-04-14 12:54:54,068][I] (nioEventLoopGroup-6-1         ReplayModule:596) - Replay result handler is added.
[2021-04-14 12:55:00,408][I] (nioEventLoopGroup-6-1         ReplayModule:601) - Replay result handler is removed.
[2021-04-14 12:55:00,408][I] (exit               ReplayModule:188) - Replay module is shutting down.
[2021-04-14 12:55:02,299][I] (replay             ReplayModule:354) - Loading new configuration...
[2021-04-14 12:55:03,273][I] (replay             ReplayModule:112) - Start replay module.
[2021-04-14 12:55:03,308][I] (nioEventLoopGroup-6-1         ReplayModule:596) - Replay result handler is added.
[2021-04-14 12:55:11,073][I] (nioEventLoopGroup-6-1         ReplayModule:601) - Replay result handler is removed.
[2021-04-14 12:55:11,074][I] (exit               ReplayModule:188) - Replay module is shutting down.
[2021-04-14 12:55:13,469][I] (replay             ReplayModule:354) - Loading new configuration...
[2021-04-14 12:55:14,406][I] (replay             ReplayModule:112) - Start replay module.
[2021-04-14 12:55:14,440][I] (nioEventLoopGroup-6-1         ReplayModule:596) - Replay result handler is added.
[2021-04-14 12:55:21,791][I] (nioEventLoopGroup-6-1         ReplayModule:601) - Replay result handler is removed.
[2021-04-14 12:55:21,792][I] (exit               ReplayModule:188) - Replay module is shutting down.
[2021-04-14 12:55:24,674][I] (replay             ReplayModule:354) - Loading new configuration...
[2021-04-14 12:55:25,729][I] (replay             ReplayModule:112) - Start replay module.
[2021-04-14 12:55:25,763][I] (nioEventLoopGroup-6-1         ReplayModule:596) - Replay result handler is added.
[2021-04-14 12:55:34,588][I] (nioEventLoopGroup-6-1         ReplayModule:601) - Replay result handler is removed.
[2021-04-14 12:55:34,589][I] (exit               ReplayModule:188) - Replay module is shutting down.
[2021-04-14 12:55:35,665][I] (replay             ReplayModule:354) - Loading new configuration...
[2021-04-14 12:55:36,475][I] (replay             ReplayModule:112) - Start replay module.
[2021-04-14 12:55:36,510][I] (nioEventLoopGroup-6-1         ReplayModule:596) - Replay result handler is added.
[2021-04-14 12:55:41,806][I] (nioEventLoopGroup-6-1         ReplayModule:601) - Replay result handler is removed.
[2021-04-14 12:55:41,807][I] (exit               ReplayModule:188) - Replay module is shutting down.
[2021-04-14 12:55:44,844][I] (replay             ReplayModule:354) - Loading new configuration...
[2021-04-14 12:55:45,551][I] (replay             ReplayModule:112) - Start replay module.
[2021-04-14 12:55:45,584][I] (nioEventLoopGroup-6-1         ReplayModule:596) - Replay result handler is added.
[2021-04-14 12:55:49,654][I] (nioEventLoopGroup-6-1         ReplayModule:601) - Replay result handler is removed.
[2021-04-14 12:55:49,654][I] (exit               ReplayModule:188) - Replay module is shutting down.
[2021-04-14 12:55:52,015][I] (replay             ReplayModule:354) - Loading new configuration...
[2021-04-14 12:55:52,730][I] (replay             ReplayModule:112) - Start replay module.
[2021-04-14 12:55:52,764][I] (nioEventLoopGroup-6-1         ReplayModule:596) - Replay result handler is added.
[2021-04-14 12:55:56,905][I] (nioEventLoopGroup-6-1         ReplayModule:601) - Replay result handler is removed.
[2021-04-14 12:55:56,906][I] (exit               ReplayModule:188) - Replay module is shutting down.
[2021-04-14 12:55:59,197][I] (replay             ReplayModule:354) - Loading new configuration...
[2021-04-14 12:55:59,986][I] (replay             ReplayModule:112) - Start replay module.
[2021-04-14 12:56:00,024][I] (nioEventLoopGroup-6-1         ReplayModule:596) - Replay result handler is added.
[2021-04-14 12:56:04,500][I] (nioEventLoopGroup-6-1         ReplayModule:601) - Replay result handler is removed.
[2021-04-14 12:56:04,501][I] (exit               ReplayModule:188) - Replay module is shutting down.
[2021-04-14 12:56:06,380][I] (replay             ReplayModule:354) - Loading new configuration...
[2021-04-14 12:56:07,117][I] (replay             ReplayModule:112) - Start replay module.
[2021-04-14 12:56:07,150][I] (nioEventLoopGroup-6-1         ReplayModule:596) - Replay result handler is added.
[2021-04-14 12:56:11,452][I] (nioEventLoopGroup-6-1         ReplayModule:601) - Replay result handler is removed.
[2021-04-14 12:56:11,453][I] (exit               ReplayModule:188) - Replay module is shutting down.
[2021-04-14 12:56:13,565][I] (replay             ReplayModule:354) - Loading new configuration...
[2021-04-14 12:56:14,303][I] (replay             ReplayModule:112) - Start replay module.
[2021-04-14 12:56:14,338][I] (nioEventLoopGroup-6-1         ReplayModule:596) - Replay result handler is added.
[2021-04-14 12:56:18,840][I] (nioEventLoopGroup-6-1         ReplayModule:601) - Replay result handler is removed.
[2021-04-14 12:56:18,940][I] (exit               ReplayModule:188) - Replay module is shutting down.
[2021-04-14 12:56:20,745][I] (replay             ReplayModule:354) - Loading new configuration...
[2021-04-14 12:56:21,453][I] (replay             ReplayModule:112) - Start replay module.
[2021-04-14 12:56:21,488][I] (nioEventLoopGroup-6-1         ReplayModule:596) - Replay result handler is added.
[2021-04-14 12:56:25,579][I] (nioEventLoopGroup-6-1         ReplayModule:601) - Replay result handler is removed.
[2021-04-14 12:56:25,582][I] (exit               ReplayModule:188) - Replay module is shutting down.
[2021-04-14 12:56:27,929][I] (replay             ReplayModule:354) - Loading new configuration...
[2021-04-14 12:56:28,655][I] (replay             ReplayModule:112) - Start replay module.
[2021-04-14 12:56:28,689][I] (nioEventLoopGroup-6-1         ReplayModule:596) - Replay result handler is added.
[2021-04-14 12:56:32,788][I] (nioEventLoopGroup-6-1         ReplayModule:601) - Replay result handler is removed.
[2021-04-14 12:56:32,789][I] (exit               ReplayModule:188) - Replay module is shutting down.
[2021-04-14 12:56:35,126][I] (replay             ReplayModule:354) - Loading new configuration...
[2021-04-14 12:56:35,836][I] (replay             ReplayModule:112) - Start replay module.
[2021-04-14 12:56:35,872][I] (nioEventLoopGroup-6-1         ReplayModule:596) - Replay result handler is added.
[2021-04-14 12:56:40,172][I] (nioEventLoopGroup-6-1         ReplayModule:601) - Replay result handler is removed.
[2021-04-14 12:56:40,174][I] (exit               ReplayModule:188) - Replay module is shutting down.
[2021-05-09 16:35:57,675][I] (replay             ReplayModule:354) - Loading new configuration...
[2021-05-09 16:35:58,637][I] (replay             ReplayModule:112) - Start replay module.
[2021-05-09 16:35:58,677][I] (nioEventLoopGroup-6-1         ReplayModule:596) - Replay result handler is added.
[2021-05-09 16:36:03,591][I] (nioEventLoopGroup-6-1         ReplayModule:601) - Replay result handler is removed.
[2021-05-09 16:36:03,591][I] (exit               ReplayModule:188) - Replay module is shutting down.
[2021-05-09 16:36:04,816][I] (replay             ReplayModule:354) - Loading new configuration...
[2021-05-09 16:36:05,662][I] (replay             ReplayModule:112) - Start replay module.
[2021-05-09 16:36:05,697][I] (nioEventLoopGroup-6-1         ReplayModule:596) - Replay result handler is added.
[2021-05-09 16:36:10,865][I] (nioEventLoopGroup-6-1         ReplayModule:601) - Replay result handler is removed.
[2021-05-09 16:36:10,867][I] (exit               ReplayModule:188) - Replay module is shutting down.
[2021-05-09 16:36:11,918][I] (replay             ReplayModule:354) - Loading new configuration...
[2021-05-09 16:36:12,745][I] (replay             ReplayModule:112) - Start replay module.
[2021-05-09 16:36:12,776][I] (nioEventLoopGroup-6-1         ReplayModule:596) - Replay result handler is added.
[2021-05-09 16:36:17,710][I] (nioEventLoopGroup-6-1         ReplayModule:601) - Replay result handler is removed.
[2021-05-09 16:36:17,711][I] (exit               ReplayModule:188) - Replay module is shutting down.
[2021-05-09 16:36:18,853][I] (replay             ReplayModule:354) - Loading new configuration...
[2021-05-09 16:36:19,725][I] (replay             ReplayModule:112) - Start replay module.
[2021-05-09 16:36:19,763][I] (nioEventLoopGroup-6-1         ReplayModule:596) - Replay result handler is added.
[2021-05-09 16:36:24,729][I] (nioEventLoopGroup-6-1         ReplayModule:601) - Replay result handler is removed.
[2021-05-09 16:36:24,730][I] (exit               ReplayModule:188) - Replay module is shutting down.
[2021-05-09 16:43:03,034][I] (replay             ReplayModule:354) - Loading new configuration...
[2021-05-09 16:43:03,999][I] (replay             ReplayModule:112) - Start replay module.
[2021-05-09 16:43:04,041][I] (nioEventLoopGroup-6-1         ReplayModule:596) - Replay result handler is added.
[2021-05-09 16:43:09,086][I] (nioEventLoopGroup-6-1         ReplayModule:601) - Replay result handler is removed.
[2021-05-09 16:43:09,087][I] (exit               ReplayModule:188) - Replay module is shutting down.
[2021-05-09 16:43:10,154][I] (replay             ReplayModule:354) - Loading new configuration...
[2021-05-09 16:43:11,103][I] (replay             ReplayModule:112) - Start replay module.
[2021-05-09 16:43:11,142][I] (nioEventLoopGroup-6-1         ReplayModule:596) - Replay result handler is added.
[2021-05-09 16:43:16,392][I] (nioEventLoopGroup-6-1         ReplayModule:601) - Replay result handler is removed.
[2021-05-09 16:43:16,394][I] (exit               ReplayModule:188) - Replay module is shutting down.
[2021-05-09 16:43:19,425][I] (replay             ReplayModule:354) - Loading new configuration...
[2021-05-09 16:43:20,411][I] (replay             ReplayModule:112) - Start replay module.
[2021-05-09 16:43:20,453][I] (nioEventLoopGroup-6-1         ReplayModule:596) - Replay result handler is added.
[2021-05-09 16:43:25,442][I] (nioEventLoopGroup-6-1         ReplayModule:601) - Replay result handler is removed.
[2021-05-09 16:43:25,443][I] (exit               ReplayModule:188) - Replay module is shutting down.
[2021-05-09 16:43:26,515][I] (replay             ReplayModule:354) - Loading new configuration...
[2021-05-09 16:43:27,453][I] (replay             ReplayModule:112) - Start replay module.
[2021-05-09 16:43:27,489][I] (nioEventLoopGroup-6-1         ReplayModule:596) - Replay result handler is added.
[2021-05-09 16:43:32,561][I] (nioEventLoopGroup-6-1         ReplayModule:601) - Replay result handler is removed.
[2021-05-09 16:43:32,571][I] (exit               ReplayModule:188) - Replay module is shutting down.
[2021-05-09 16:46:30,169][I] (replay             ReplayModule:354) - Loading new configuration...
[2021-05-09 16:46:31,216][I] (replay             ReplayModule:112) - Start replay module.
[2021-05-09 16:46:31,258][I] (nioEventLoopGroup-6-1         ReplayModule:596) - Replay result handler is added.
[2021-05-09 16:46:36,665][I] (nioEventLoopGroup-6-1         ReplayModule:601) - Replay result handler is removed.
[2021-05-09 16:46:36,666][I] (exit               ReplayModule:188) - Replay module is shutting down.
[2021-05-09 16:46:39,415][I] (replay             ReplayModule:354) - Loading new configuration...
[2021-05-09 16:46:40,356][I] (replay             ReplayModule:112) - Start replay module.
[2021-05-09 16:46:40,393][I] (nioEventLoopGroup-6-1         ReplayModule:596) - Replay result handler is added.
[2021-05-09 16:46:46,824][I] (nioEventLoopGroup-6-1         ReplayModule:601) - Replay result handler is removed.
[2021-05-09 16:46:46,824][I] (exit               ReplayModule:188) - Replay module is shutting down.
[2021-05-09 16:46:48,704][I] (replay             ReplayModule:354) - Loading new configuration...
[2021-05-09 16:46:49,798][I] (replay             ReplayModule:112) - Start replay module.
[2021-05-09 16:46:49,836][I] (nioEventLoopGroup-6-1         ReplayModule:596) - Replay result handler is added.
[2021-05-09 16:47:18,955][I] (nioEventLoopGroup-6-1         ReplayModule:601) - Replay result handler is removed.
[2021-05-09 16:47:21,999][I] (replay             ReplayModule:354) - Loading new configuration...
[2021-05-09 16:47:23,037][I] (replay             ReplayModule:112) - Start replay module.
[2021-05-09 16:47:23,073][I] (nioEventLoopGroup-6-1         ReplayModule:596) - Replay result handler is added.
[2021-05-09 16:47:36,541][I] (nioEventLoopGroup-6-1         ReplayModule:601) - Replay result handler is removed.
[2021-05-09 16:47:36,542][I] (exit               ReplayModule:188) - Replay module is shutting down.
[2021-05-09 16:47:39,231][I] (replay             ReplayModule:354) - Loading new configuration...
[2021-05-09 16:47:40,270][I] (replay             ReplayModule:112) - Start replay module.
[2021-05-09 16:47:40,306][I] (nioEventLoopGroup-6-1         ReplayModule:596) - Replay result handler is added.
[2021-05-09 16:47:46,804][I] (nioEventLoopGroup-6-1         ReplayModule:601) - Replay result handler is removed.
[2021-05-09 16:47:46,805][I] (exit               ReplayModule:188) - Replay module is shutting down.
[2021-05-09 16:47:48,466][I] (replay             ReplayModule:354) - Loading new configuration...
[2021-05-09 16:47:48,940][I] (replay             ReplayModule:112) - Start replay module.
[2021-05-09 16:47:48,980][I] (nioEventLoopGroup-6-1         ReplayModule:596) - Replay result handler is added.
[2021-05-09 16:48:26,433][I] (nioEventLoopGroup-6-1         ReplayModule:601) - Replay result handler is removed.
[2021-05-09 16:48:26,434][I] (exit               ReplayModule:188) - Replay module is shutting down.
[2021-05-09 16:48:27,499][I] (replay             ReplayModule:354) - Loading new configuration...
[2021-05-09 16:48:27,502][W] (replay             ReplayModule:400) - No data to replay.
[2021-05-09 16:48:27,503][I] (exit               ReplayModule:188) - Replay module is shutting down.
[2021-05-09 16:51:19,034][I] (replay             ReplayModule:354) - Loading new configuration...
[2021-05-09 16:51:19,036][W] (replay             ReplayModule:400) - No data to replay.
[2021-05-09 16:51:19,037][I] (exit               ReplayModule:188) - Replay module is shutting down.
[2021-05-09 16:51:22,621][I] (replay             ReplayModule:354) - Loading new configuration...
[2021-05-09 16:51:22,910][I] (replay             ReplayModule:112) - Start replay module.
[2021-05-09 16:51:22,956][I] (nioEventLoopGroup-6-1         ReplayModule:596) - Replay result handler is added.
[2021-05-09 16:51:27,102][I] (nioEventLoopGroup-6-1         ReplayModule:601) - Replay result handler is removed.
[2021-05-09 16:51:27,103][I] (exit               ReplayModule:188) - Replay module is shutting down.
[2021-05-09 16:52:01,839][I] (replay             ReplayModule:354) - Loading new configuration...
[2021-05-09 16:52:02,710][I] (replay             ReplayModule:112) - Start replay module.
[2021-05-09 16:52:02,743][I] (nioEventLoopGroup-6-1         ReplayModule:596) - Replay result handler is added.
[2021-05-09 16:52:08,011][I] (nioEventLoopGroup-6-1         ReplayModule:601) - Replay result handler is removed.
[2021-05-09 16:52:08,012][I] (exit               ReplayModule:188) - Replay module is shutting down.
[2021-05-09 16:52:11,011][I] (replay             ReplayModule:354) - Loading new configuration...
[2021-05-09 16:52:11,837][I] (replay             ReplayModule:112) - Start replay module.
[2021-05-09 16:52:11,872][I] (nioEventLoopGroup-6-1         ReplayModule:596) - Replay result handler is added.
[2021-05-09 16:52:18,189][I] (nioEventLoopGroup-6-1         ReplayModule:601) - Replay result handler is removed.
[2021-05-09 16:52:18,190][I] (exit               ReplayModule:188) - Replay module is shutting down.
[2021-05-09 16:52:20,198][I] (replay             ReplayModule:354) - Loading new configuration...
[2021-05-09 16:52:21,091][I] (replay             ReplayModule:112) - Start replay module.
[2021-05-09 16:52:21,127][I] (nioEventLoopGroup-6-1         ReplayModule:596) - Replay result handler is added.
[2021-05-09 16:52:50,021][I] (nioEventLoopGroup-6-1         ReplayModule:601) - Replay result handler is removed.
[2021-05-09 16:52:50,023][I] (exit               ReplayModule:188) - Replay module is shutting down.
[2021-05-09 16:52:51,344][I] (replay             ReplayModule:354) - Loading new configuration...
[2021-05-09 16:52:52,150][I] (replay             ReplayModule:112) - Start replay module.
[2021-05-09 16:52:52,184][I] (nioEventLoopGroup-6-1         ReplayModule:596) - Replay result handler is added.
[2021-05-09 16:53:05,539][I] (nioEventLoopGroup-6-1         ReplayModule:601) - Replay result handler is removed.
[2021-05-09 16:53:05,540][I] (exit               ReplayModule:188) - Replay module is shutting down.
[2021-05-09 16:53:08,530][I] (replay             ReplayModule:354) - Loading new configuration...
[2021-05-09 16:53:09,430][I] (replay             ReplayModule:112) - Start replay module.
[2021-05-09 16:53:09,468][I] (nioEventLoopGroup-6-1         ReplayModule:596) - Replay result handler is added.
[2021-05-09 16:53:15,925][I] (nioEventLoopGroup-6-1         ReplayModule:601) - Replay result handler is removed.
[2021-05-09 16:53:15,925][I] (exit               ReplayModule:188) - Replay module is shutting down.
[2021-05-09 16:53:17,713][I] (replay             ReplayModule:354) - Loading new configuration...
[2021-05-09 16:53:18,131][I] (replay             ReplayModule:112) - Start replay module.
[2021-05-09 16:53:18,187][I] (nioEventLoopGroup-6-1         ReplayModule:596) - Replay result handler is added.
[2021-05-09 16:53:55,640][I] (nioEventLoopGroup-6-1         ReplayModule:601) - Replay result handler is removed.
[2021-05-09 16:53:55,642][I] (exit               ReplayModule:188) - Replay module is shutting down.
[2021-05-09 16:53:56,716][I] (replay             ReplayModule:354) - Loading new configuration...
[2021-05-09 16:53:56,912][I] (replay             ReplayModule:112) - Start replay module.
[2021-05-09 16:53:57,041][I] (nioEventLoopGroup-5-1         ReplayModule:596) - Replay result handler is added.
[2021-05-09 16:54:01,102][I] (nioEventLoopGroup-5-1         ReplayModule:601) - Replay result handler is removed.
[2021-05-09 16:54:01,103][I] (exit               ReplayModule:188) - Replay module is shutting down.
[2021-05-09 16:54:03,893][I] (replay             ReplayModule:354) - Loading new configuration...
[2021-05-09 16:54:04,759][I] (replay             ReplayModule:112) - Start replay module.
[2021-05-09 16:54:04,794][I] (nioEventLoopGroup-6-1         ReplayModule:596) - Replay result handler is added.
[2021-05-09 16:54:23,694][I] (nioEventLoopGroup-6-1         ReplayModule:601) - Replay result handler is removed.
[2021-05-09 16:54:23,695][I] (exit               ReplayModule:188) - Replay module is shutting down.
[2021-05-09 16:54:24,947][I] (replay             ReplayModule:354) - Loading new configuration...
[2021-05-09 16:54:25,806][I] (replay             ReplayModule:112) - Start replay module.
[2021-05-09 16:54:25,842][I] (nioEventLoopGroup-6-1         ReplayModule:596) - Replay result handler is added.
[2021-05-09 16:54:32,593][I] (nioEventLoopGroup-6-1         ReplayModule:601) - Replay result handler is removed.
[2021-05-09 16:54:32,594][I] (exit               ReplayModule:188) - Replay module is shutting down.
[2021-05-09 16:54:34,059][I] (replay             ReplayModule:354) - Loading new configuration...
[2021-05-09 16:54:34,825][I] (replay             ReplayModule:112) - Start replay module.
[2021-05-09 16:54:34,860][I] (nioEventLoopGroup-6-1         ReplayModule:596) - Replay result handler is added.
[2021-05-09 16:54:57,162][I] (nioEventLoopGroup-6-1         ReplayModule:601) - Replay result handler is removed.
[2021-05-09 16:54:57,164][I] (exit               ReplayModule:188) - Replay module is shutting down.
[2021-05-09 16:54:59,234][I] (replay             ReplayModule:354) - Loading new configuration...
[2021-05-09 16:55:00,000][I] (replay             ReplayModule:112) - Start replay module.
[2021-05-09 16:55:00,036][I] (nioEventLoopGroup-6-1         ReplayModule:596) - Replay result handler is added.
[2021-05-09 16:55:53,514][I] (nioEventLoopGroup-6-1         ReplayModule:601) - Replay result handler is removed.
[2021-05-09 16:55:53,516][I] (exit               ReplayModule:188) - Replay module is shutting down.
[2021-05-09 16:55:56,466][I] (replay             ReplayModule:354) - Loading new configuration...
[2021-05-09 16:55:56,933][I] (replay             ReplayModule:112) - Start replay module.
[2021-05-09 16:55:56,979][I] (nioEventLoopGroup-6-1         ReplayModule:596) - Replay result handler is added.
[2021-05-09 16:55:59,389][I] (nioEventLoopGroup-6-1         ReplayModule:601) - Replay result handler is removed.
[2021-05-09 16:55:59,390][I] (exit               ReplayModule:188) - Replay module is shutting down.
[2021-05-09 16:56:01,627][I] (replay             ReplayModule:354) - Loading new configuration...
[2021-05-09 16:56:02,240][I] (replay             ReplayModule:112) - Start replay module.
[2021-05-09 16:56:02,274][I] (nioEventLoopGroup-6-1         ReplayModule:596) - Replay result handler is added.
[2021-05-09 16:56:59,298][I] (nioEventLoopGroup-6-1         ReplayModule:601) - Replay result handler is removed.
[2021-05-09 16:56:59,307][I] (exit               ReplayModule:188) - Replay module is shutting down.
[2021-05-09 16:57:00,822][I] (replay             ReplayModule:354) - Loading new configuration...
[2021-05-09 16:57:01,158][I] (replay             ReplayModule:112) - Start replay module.
[2021-05-09 16:57:01,201][I] (nioEventLoopGroup-6-1         ReplayModule:596) - Replay result handler is added.
[2021-05-09 16:57:14,221][I] (nioEventLoopGroup-6-1         ReplayModule:601) - Replay result handler is removed.
[2021-05-09 16:57:14,224][I] (exit               ReplayModule:188) - Replay module is shutting down.
[2021-05-09 16:57:15,997][I] (replay             ReplayModule:354) - Loading new configuration...
[2021-05-09 16:57:16,788][I] (replay             ReplayModule:112) - Start replay module.
[2021-05-09 16:57:16,821][I] (nioEventLoopGroup-6-1         ReplayModule:596) - Replay result handler is added.
[2021-05-09 16:57:27,239][I] (nioEventLoopGroup-6-1         ReplayModule:601) - Replay result handler is removed.
[2021-05-09 16:57:27,245][I] (exit               ReplayModule:188) - Replay module is shutting down.
[2021-05-09 16:57:29,175][I] (replay             ReplayModule:354) - Loading new configuration...
[2021-05-09 16:57:30,046][I] (replay             ReplayModule:112) - Start replay module.
[2021-05-09 16:57:30,079][I] (nioEventLoopGroup-6-1         ReplayModule:596) - Replay result handler is added.
[2021-05-09 16:57:35,114][I] (nioEventLoopGroup-6-1         ReplayModule:601) - Replay result handler is removed.
[2021-05-09 16:57:35,121][I] (exit               ReplayModule:188) - Replay module is shutting down.
[2021-05-09 16:57:36,182][I] (replay             ReplayModule:354) - Loading new configuration...
[2021-05-09 16:57:36,591][I] (replay             ReplayModule:112) - Start replay module.
[2021-05-09 16:57:36,643][I] (nioEventLoopGroup-6-1         ReplayModule:596) - Replay result handler is added.
[2021-05-09 16:57:42,848][I] (nioEventLoopGroup-6-1         ReplayModule:601) - Replay result handler is removed.
[2021-05-09 16:57:42,859][I] (exit               ReplayModule:188) - Replay module is shutting down.
[2021-05-09 16:57:45,368][I] (replay             ReplayModule:354) - Loading new configuration...
[2021-05-09 16:57:46,222][I] (replay             ReplayModule:112) - Start replay module.
[2021-05-09 16:57:46,257][I] (nioEventLoopGroup-6-1         ReplayModule:596) - Replay result handler is added.
[2021-05-09 16:58:03,836][I] (nioEventLoopGroup-6-1         ReplayModule:601) - Replay result handler is removed.
[2021-05-09 16:58:06,570][I] (replay             ReplayModule:354) - Loading new configuration...
[2021-05-09 16:58:07,429][I] (replay             ReplayModule:112) - Start replay module.
[2021-05-09 16:58:07,462][I] (nioEventLoopGroup-6-1         ReplayModule:596) - Replay result handler is added.
[2021-05-09 16:58:18,845][I] (nioEventLoopGroup-6-1         ReplayModule:601) - Replay result handler is removed.
[2021-05-09 16:58:18,851][I] (exit               ReplayModule:188) - Replay module is shutting down.
[2021-05-09 16:58:21,751][I] (replay             ReplayModule:354) - Loading new configuration...
[2021-05-09 16:58:22,556][I] (replay             ReplayModule:112) - Start replay module.
[2021-05-09 16:58:22,591][I] (nioEventLoopGroup-6-1         ReplayModule:596) - Replay result handler is added.
[2021-05-09 16:58:27,488][I] (nioEventLoopGroup-6-1         ReplayModule:601) - Replay result handler is removed.
[2021-05-09 16:58:27,496][I] (exit               ReplayModule:188) - Replay module is shutting down.
[2021-05-09 16:58:28,856][I] (replay             ReplayModule:354) - Loading new configuration...
[2021-05-09 16:58:29,689][I] (replay             ReplayModule:112) - Start replay module.
[2021-05-09 16:58:29,721][I] (nioEventLoopGroup-6-1         ReplayModule:596) - Replay result handler is added.
[2021-05-09 16:58:34,782][I] (nioEventLoopGroup-6-1         ReplayModule:601) - Replay result handler is removed.
[2021-05-09 16:58:34,787][I] (exit               ReplayModule:188) - Replay module is shutting down.
[2021-05-09 16:58:35,875][I] (replay             ReplayModule:354) - Loading new configuration...
[2021-05-09 16:58:36,687][I] (replay             ReplayModule:112) - Start replay module.
[2021-05-09 16:58:36,729][I] (nioEventLoopGroup-6-1         ReplayModule:596) - Replay result handler is added.
[2021-05-09 16:58:41,606][I] (nioEventLoopGroup-6-1         ReplayModule:601) - Replay result handler is removed.
[2021-05-09 16:58:41,614][I] (exit               ReplayModule:188) - Replay module is shutting down.
[2021-05-09 16:58:42,961][I] (replay             ReplayModule:354) - Loading new configuration...
[2021-05-09 16:58:43,776][I] (replay             ReplayModule:112) - Start replay module.
[2021-05-09 16:58:43,819][I] (nioEventLoopGroup-6-1         ReplayModule:596) - Replay result handler is added.
[2021-05-09 16:58:48,713][I] (nioEventLoopGroup-6-1         ReplayModule:601) - Replay result handler is removed.
[2021-05-09 16:58:48,721][I] (exit               ReplayModule:188) - Replay module is shutting down.
